<?xml version="1.0" encoding="UTF-8"?>
<robot generator="Robot 4.1.3 (Python 3.10.2 on win32)" generated="20220228 15:58:34.006" rpa="false" schemaversion="2">
<suite id="s1" name="Weather1" source="E:\New folder\test\venv\src\weather\weather1.robot">
<test id="s1-t1" name="Weather details.">
<kw name="Weather Result" library="weather1">
<arg>Delhi</arg>
<msg timestamp="20220228 15:58:34.549" level="INFO">Temperature (in kelvin unit) = 297.83
 atmospheric pressure (in hPa unit) = 1015
 humidity (in percentage) = 28
 description = haze</msg>
<status status="PASS" starttime="20220228 15:58:34.292" endtime="20220228 15:58:34.549"/>
</kw>
<kw name="Weather Result" library="weather1">
<arg>Noida</arg>
<msg timestamp="20220228 15:58:34.751" level="INFO">Temperature (in kelvin unit) = 298.12
 atmospheric pressure (in hPa unit) = 1015
 humidity (in percentage) = 29
 description = haze</msg>
<status status="PASS" starttime="20220228 15:58:34.549" endtime="20220228 15:58:34.751"/>
</kw>
<kw name="Weather Result" library="weather1">
<arg>Mumbai</arg>
<msg timestamp="20220228 15:58:34.962" level="INFO">Temperature (in kelvin unit) = 306.14
 atmospheric pressure (in hPa unit) = 1010
 humidity (in percentage) = 29
 description = smoke</msg>
<status status="PASS" starttime="20220228 15:58:34.751" endtime="20220228 15:58:34.962"/>
</kw>
<kw name="Weather Result" library="weather1">
<arg>Moscow</arg>
<msg timestamp="20220228 15:58:35.165" level="INFO">Temperature (in kelvin unit) = 273.21
 atmospheric pressure (in hPa unit) = 1035
 humidity (in percentage) = 78
 description = scattered clouds</msg>
<status status="PASS" starttime="20220228 15:58:34.963" endtime="20220228 15:58:35.165"/>
</kw>
<tag>odg</tag>
<tag>test</tag>
<status status="PASS" starttime="20220228 15:58:34.291" endtime="20220228 15:58:35.166"/>
</test>
<status status="PASS" starttime="20220228 15:58:34.010" endtime="20220228 15:58:35.168"/>
</suite>
<statistics>
<total>
<stat pass="1" fail="0" skip="0">All Tests</stat>
</total>
<tag>
<stat pass="1" fail="0" skip="0">odg</stat>
<stat pass="1" fail="0" skip="0">test</stat>
</tag>
<suite>
<stat pass="1" fail="0" skip="0" id="s1" name="Weather1">Weather1</stat>
</suite>
</statistics>
<errors>
<msg timestamp="20220228 15:58:34.059" level="WARN">Imported resource file 'E:\New folder\test\venv\src\main_resource.robot' is empty.</msg>
</errors>
</robot>
